# JRE version: OpenJDK Runtime Environment (17.0.9) (build 17.0.9+0--11185874)
# Java VM: OpenJDK 64-Bit Server VM (17.0.9+0--11185874, mixed mode, tiered, compressed oops, compressed class ptrs, g1 gc, windows-amd64)
GC Precious Log:
 CPUs: 20 total, 20 available
 Memory: 7900M
 Large Page Support: Disabled
 NUMA Support: Disabled
 Compressed Oops: Enabled (Zero based)
 Heap Region Size: 2M
 Heap Min Capacity: 8M
 Heap Initial Capacity: 124M
 Heap Max Capacity: 4G
 Pre-touch: Disabled
 Parallel Workers: 15
 Concurrent Workers: 4
 Concurrent Refinement Workers: 15
 Periodic GC: Disabled
Heap:
 garbage-first heap   total 75776K, used 39973K [0x0000000700000000, 0x0000000800000000)
  region size 2048K, 1 young (2048K), 1 survivors (2048K)
 Metaspace       used 65677K, committed 66112K, reserved 1114112K
  class space    used 8997K, committed 9216K, reserved 1048576K
GC Heap History (20 events):
Event: 220.853 GC heap after
{Heap after GC invocations=18 (full 0):
 garbage-first heap   total 75776K, used 29193K [0x0000000700000000, 0x0000000800000000)
  region size 2048K, 2 young (4096K), 2 survivors (4096K)
 Metaspace       used 42462K, committed 42752K, reserved 1114112K
  class space    used 5511K, committed 5632K, reserved 1048576K
}
Event: 249.227 GC heap before
{Heap before GC invocations=18 (full 0):
 garbage-first heap   total 75776K, used 55817K [0x0000000700000000, 0x0000000800000000)
  region size 2048K, 15 young (30720K), 2 survivors (4096K)
 Metaspace       used 44820K, committed 45248K, reserved 1114112K
  class space    used 5771K, committed 5952K, reserved 1048576K
}
Event: 249.522 GC heap after
{Heap after GC invocations=19 (full 0):
 garbage-first heap   total 75776K, used 30329K [0x0000000700000000, 0x0000000800000000)
  region size 2048K, 1 young (2048K), 1 survivors (2048K)
 Metaspace       used 44820K, committed 45248K, reserved 1114112K
  class space    used 5771K, committed 5952K, reserved 1048576K
}
Event: 255.064 GC heap before
{Heap before GC invocations=19 (full 0):
 garbage-first heap   total 75776K, used 59001K [0x0000000700000000, 0x0000000800000000)
  region size 2048K, 15 young (30720K), 1 survivors (2048K)
 Metaspace       used 48330K, committed 48832K, reserved 1114112K
  class space    used 6361K, committed 6592K, reserved 1048576K
}
Event: 255.094 GC heap after
{Heap after GC invocations=20 (full 0):
 garbage-first heap   total 75776K, used 31568K [0x0000000700000000, 0x0000000800000000)
  region size 2048K, 2 young (4096K), 2 survivors (4096K)
 Metaspace       used 48330K, committed 48832K, reserved 1114112K
  class space    used 6361K, committed 6592K, reserved 1048576K
}
Event: 257.671 GC heap before
{Heap before GC invocations=20 (full 0):
 garbage-first heap   total 75776K, used 58192K [0x0000000700000000, 0x0000000800000000)
  region size 2048K, 15 young (30720K), 2 survivors (4096K)
 Metaspace       used 52135K, committed 52544K, reserved 1114112K
  class space    used 6968K, committed 7168K, reserved 1048576K
}
Event: 257.685 GC heap after
{Heap after GC invocations=21 (full 0):
 garbage-first heap   total 75776K, used 32964K [0x0000000700000000, 0x0000000800000000)
  region size 2048K, 2 young (4096K), 2 survivors (4096K)
 Metaspace       used 52135K, committed 52544K, reserved 1114112K
  class space    used 6968K, committed 7168K, reserved 1048576K
}
Event: 260.068 GC heap before
{Heap before GC invocations=21 (full 0):
 garbage-first heap   total 75776K, used 59588K [0x0000000700000000, 0x0000000800000000)
  region size 2048K, 15 young (30720K), 2 survivors (4096K)
 Metaspace       used 55520K, committed 56000K, reserved 1114112K
  class space    used 7462K, committed 7680K, reserved 1048576K
}
Event: 260.088 GC heap after
{Heap after GC invocations=22 (full 0):
 garbage-first heap   total 75776K, used 34117K [0x0000000700000000, 0x0000000800000000)
  region size 2048K, 2 young (4096K), 2 survivors (4096K)
 Metaspace       used 55520K, committed 56000K, reserved 1114112K
  class space    used 7462K, committed 7680K, reserved 1048576K
}
Event: 264.923 GC heap before
{Heap before GC invocations=22 (full 0):
 garbage-first heap   total 75776K, used 58693K [0x0000000700000000, 0x0000000800000000)
  region size 2048K, 14 young (28672K), 2 survivors (4096K)
 Metaspace       used 58124K, committed 58560K, reserved 1114112K
  class space    used 7786K, committed 8000K, reserved 1048576K
}
Event: 264.985 GC heap after
{Heap after GC invocations=23 (full 0):
 garbage-first heap   total 75776K, used 35657K [0x0000000700000000, 0x0000000800000000)
  region size 2048K, 2 young (4096K), 2 survivors (4096K)
 Metaspace       used 58124K, committed 58560K, reserved 1114112K
  class space    used 7786K, committed 8000K, reserved 1048576K
}
Event: 298.041 GC heap before
{Heap before GC invocations=23 (full 0):
 garbage-first heap   total 75776K, used 49993K [0x0000000700000000, 0x0000000800000000)
  region size 2048K, 10 young (20480K), 2 survivors (4096K)
 Metaspace       used 59891K, committed 60416K, reserved 1114112K
  class space    used 8054K, committed 8320K, reserved 1048576K
}
Event: 298.113 GC heap after
{Heap after GC invocations=24 (full 0):
 garbage-first heap   total 75776K, used 35957K [0x0000000700000000, 0x0000000800000000)
  region size 2048K, 1 young (2048K), 1 survivors (2048K)
 Metaspace       used 59891K, committed 60416K, reserved 1114112K
  class space    used 8054K, committed 8320K, reserved 1048576K
}
Event: 301.227 GC heap before
{Heap before GC invocations=25 (full 0):
 garbage-first heap   total 75776K, used 62581K [0x0000000700000000, 0x0000000800000000)
  region size 2048K, 14 young (28672K), 1 survivors (2048K)
 Metaspace       used 62772K, committed 63296K, reserved 1114112K
  class space    used 8523K, committed 8768K, reserved 1048576K
}
Event: 301.237 GC heap after
{Heap after GC invocations=26 (full 0):
 garbage-first heap   total 75776K, used 37156K [0x0000000700000000, 0x0000000800000000)
  region size 2048K, 2 young (4096K), 2 survivors (4096K)
 Metaspace       used 62772K, committed 63296K, reserved 1114112K
  class space    used 8523K, committed 8768K, reserved 1048576K
}
Event: 301.338 GC heap before
{Heap before GC invocations=26 (full 0):
 garbage-first heap   total 75776K, used 39204K [0x0000000700000000, 0x0000000800000000)
  region size 2048K, 3 young (6144K), 2 survivors (4096K)
 Metaspace       used 63043K, committed 63616K, reserved 1114112K
  class space    used 8572K, committed 8832K, reserved 1048576K
}
Event: 301.379 GC heap after
{Heap after GC invocations=27 (full 0):
 garbage-first heap   total 75776K, used 37115K [0x0000000700000000, 0x0000000800000000)
  region size 2048K, 1 young (2048K), 1 survivors (2048K)
 Metaspace       used 63043K, committed 63616K, reserved 1114112K
  class space    used 8572K, committed 8832K, reserved 1048576K
}
Event: 303.417 GC heap before
{Heap before GC invocations=27 (full 0):
 garbage-first heap   total 75776K, used 61691K [0x0000000700000000, 0x0000000800000000)
  region size 2048K, 13 young (26624K), 1 survivors (2048K)
 Metaspace       used 65252K, committed 65792K, reserved 1114112K
  class space    used 8973K, committed 9216K, reserved 1048576K
}
Event: 303.425 GC heap after
{Heap after GC invocations=28 (full 0):
 garbage-first heap   total 75776K, used 38968K [0x0000000700000000, 0x0000000800000000)
  region size 2048K, 2 young (4096K), 2 survivors (4096K)
 Metaspace       used 65252K, committed 65792K, reserved 1114112K
  class space    used 8973K, committed 9216K, reserved 1048576K
}
Event: 307.206 GC heap before
{Heap before GC invocations=29 (full 0):
 garbage-first heap   total 75776K, used 57400K [0x0000000700000000, 0x0000000800000000)
  region size 2048K, 12 young (24576K), 2 survivors (4096K)
 Metaspace       used 65677K, committed 66112K, reserved 1114112K
  class space    used 8997K, committed 9216K, reserved 1048576K
}

