# JRE version: OpenJDK Runtime Environment (17.0.9) (build 17.0.9+0--11185874)
# Java VM: OpenJDK 64-Bit Server VM (17.0.9+0--11185874, mixed mode, tiered, compressed oops, compressed class ptrs, g1 gc, windows-amd64)
GC Precious Log:
 CPUs: 20 total, 20 available
 Memory: 7900M
 Large Page Support: Disabled
 NUMA Support: Disabled
 Compressed Oops: Enabled (Zero based)
 Heap Region Size: 2M
 Heap Min Capacity: 8M
 Heap Initial Capacity: 124M
 Heap Max Capacity: 4G
 Pre-touch: Disabled
 Parallel Workers: 15
 Concurrent Workers: 4
 Concurrent Refinement Workers: 15
 Periodic GC: Disabled
Heap:
 garbage-first heap   total 258048K, used 65905K [0x0000000700000000, 0x0000000800000000)
  region size 2048K, 1 young (2048K), 1 survivors (2048K)
 Metaspace       used 76368K, committed 76992K, reserved 1179648K
  class space    used 10305K, committed 10560K, reserved 1048576K
GC Heap History (20 events):
Event: 143.839 GC heap after
{Heap after GC invocations=22 (full 0):
 garbage-first heap   total 129024K, used 56327K [0x0000000700000000, 0x0000000800000000)
  region size 2048K, 5 young (10240K), 5 survivors (10240K)
 Metaspace       used 67061K, committed 67584K, reserved 1114112K
  class space    used 9168K, committed 9408K, reserved 1048576K
}
Event: 144.382 GC heap before
{Heap before GC invocations=22 (full 0):
 garbage-first heap   total 129024K, used 58375K [0x0000000700000000, 0x0000000800000000)
  region size 2048K, 6 young (12288K), 5 survivors (10240K)
 Metaspace       used 67313K, committed 67904K, reserved 1114112K
  class space    used 9190K, committed 9472K, reserved 1048576K
}
Event: 144.528 GC heap after
{Heap after GC invocations=23 (full 0):
 garbage-first heap   total 129024K, used 57846K [0x0000000700000000, 0x0000000800000000)
  region size 2048K, 1 young (2048K), 1 survivors (2048K)
 Metaspace       used 67313K, committed 67904K, reserved 1114112K
  class space    used 9190K, committed 9472K, reserved 1048576K
}
Event: 146.481 GC heap before
{Heap before GC invocations=23 (full 0):
 garbage-first heap   total 129024K, used 61942K [0x0000000700000000, 0x0000000800000000)
  region size 2048K, 3 young (6144K), 1 survivors (2048K)
 Metaspace       used 67740K, committed 68352K, reserved 1114112K
  class space    used 9249K, committed 9536K, reserved 1048576K
}
Event: 146.566 GC heap after
{Heap after GC invocations=24 (full 0):
 garbage-first heap   total 129024K, used 57065K [0x0000000700000000, 0x0000000800000000)
  region size 2048K, 1 young (2048K), 1 survivors (2048K)
 Metaspace       used 67740K, committed 68352K, reserved 1114112K
  class space    used 9249K, committed 9536K, reserved 1048576K
}
Event: 153.250 GC heap before
{Heap before GC invocations=24 (full 0):
 garbage-first heap   total 129024K, used 61161K [0x0000000700000000, 0x0000000800000000)
  region size 2048K, 3 young (6144K), 1 survivors (2048K)
 Metaspace       used 68230K, committed 68864K, reserved 1114112K
  class space    used 9315K, committed 9600K, reserved 1048576K
}
Event: 153.492 GC heap after
{Heap after GC invocations=25 (full 0):
 garbage-first heap   total 258048K, used 56964K [0x0000000700000000, 0x0000000800000000)
  region size 2048K, 1 young (2048K), 1 survivors (2048K)
 Metaspace       used 68230K, committed 68864K, reserved 1114112K
  class space    used 9315K, committed 9600K, reserved 1048576K
}
Event: 161.824 GC heap before
{Heap before GC invocations=25 (full 0):
 garbage-first heap   total 258048K, used 67204K [0x0000000700000000, 0x0000000800000000)
  region size 2048K, 6 young (12288K), 1 survivors (2048K)
 Metaspace       used 69455K, committed 70080K, reserved 1114112K
  class space    used 9472K, committed 9728K, reserved 1048576K
}
Event: 161.835 GC heap after
{Heap after GC invocations=26 (full 0):
 garbage-first heap   total 258048K, used 57446K [0x0000000700000000, 0x0000000800000000)
  region size 2048K, 1 young (2048K), 1 survivors (2048K)
 Metaspace       used 69455K, committed 70080K, reserved 1114112K
  class space    used 9472K, committed 9728K, reserved 1048576K
}
Event: 162.225 GC heap before
{Heap before GC invocations=26 (full 0):
 garbage-first heap   total 258048K, used 67686K [0x0000000700000000, 0x0000000800000000)
  region size 2048K, 6 young (12288K), 1 survivors (2048K)
 Metaspace       used 71031K, committed 71552K, reserved 1114112K
  class space    used 9685K, committed 9920K, reserved 1048576K
}
Event: 162.228 GC heap after
{Heap after GC invocations=27 (full 0):
 garbage-first heap   total 258048K, used 57780K [0x0000000700000000, 0x0000000800000000)
  region size 2048K, 1 young (2048K), 1 survivors (2048K)
 Metaspace       used 71031K, committed 71552K, reserved 1114112K
  class space    used 9685K, committed 9920K, reserved 1048576K
}
Event: 162.567 GC heap before
{Heap before GC invocations=27 (full 0):
 garbage-first heap   total 258048K, used 68020K [0x0000000700000000, 0x0000000800000000)
  region size 2048K, 6 young (12288K), 1 survivors (2048K)
 Metaspace       used 72900K, committed 73536K, reserved 1114112K
  class space    used 9870K, committed 10176K, reserved 1048576K
}
Event: 162.569 GC heap after
{Heap after GC invocations=28 (full 0):
 garbage-first heap   total 258048K, used 58110K [0x0000000700000000, 0x0000000800000000)
  region size 2048K, 1 young (2048K), 1 survivors (2048K)
 Metaspace       used 72900K, committed 73536K, reserved 1114112K
  class space    used 9870K, committed 10176K, reserved 1048576K
}
Event: 163.800 GC heap before
{Heap before GC invocations=28 (full 0):
 garbage-first heap   total 258048K, used 68350K [0x0000000700000000, 0x0000000800000000)
  region size 2048K, 6 young (12288K), 1 survivors (2048K)
 Metaspace       used 74844K, committed 75456K, reserved 1114112K
  class space    used 10096K, committed 10368K, reserved 1048576K
}
Event: 163.852 GC heap after
{Heap after GC invocations=29 (full 0):
 garbage-first heap   total 258048K, used 59425K [0x0000000700000000, 0x0000000800000000)
  region size 2048K, 1 young (2048K), 1 survivors (2048K)
 Metaspace       used 74844K, committed 75456K, reserved 1114112K
  class space    used 10096K, committed 10368K, reserved 1048576K
}
Event: 164.132 GC heap before
{Heap before GC invocations=29 (full 0):
 garbage-first heap   total 258048K, used 67617K [0x0000000700000000, 0x0000000800000000)
  region size 2048K, 6 young (12288K), 1 survivors (2048K)
 Metaspace       used 74899K, committed 75520K, reserved 1114112K
  class space    used 10102K, committed 10368K, reserved 1048576K
}
Event: 164.458 GC heap after
{Heap after GC invocations=30 (full 0):
 garbage-first heap   total 258048K, used 64713K [0x0000000700000000, 0x0000000800000000)
  region size 2048K, 1 young (2048K), 1 survivors (2048K)
 Metaspace       used 74899K, committed 75520K, reserved 1114112K
  class space    used 10102K, committed 10368K, reserved 1048576K
}
Event: 165.097 GC heap before
{Heap before GC invocations=30 (full 0):
 garbage-first heap   total 258048K, used 74953K [0x0000000700000000, 0x0000000800000000)
  region size 2048K, 6 young (12288K), 1 survivors (2048K)
 Metaspace       used 75273K, committed 75904K, reserved 1114112K
  class space    used 10177K, committed 10432K, reserved 1048576K
}
Event: 165.103 GC heap after
{Heap after GC invocations=31 (full 0):
 garbage-first heap   total 258048K, used 65356K [0x0000000700000000, 0x0000000800000000)
  region size 2048K, 1 young (2048K), 1 survivors (2048K)
 Metaspace       used 75273K, committed 75904K, reserved 1114112K
  class space    used 10177K, committed 10432K, reserved 1048576K
}
Event: 165.393 GC heap before
{Heap before GC invocations=31 (full 0):
 garbage-first heap   total 258048K, used 75596K [0x0000000700000000, 0x0000000800000000)
  region size 2048K, 6 young (12288K), 1 survivors (2048K)
 Metaspace       used 76368K, committed 76992K, reserved 1179648K
  class space    used 10305K, committed 10560K, reserved 1048576K
}

