# JRE version: OpenJDK Runtime Environment (17.0.9) (build 17.0.9+0--11185874)
# Java VM: OpenJDK 64-Bit Server VM (17.0.9+0--11185874, mixed mode, tiered, compressed oops, compressed class ptrs, g1 gc, windows-amd64)
GC Precious Log:
 CPUs: 20 total, 20 available
 Memory: 7900M
 Large Page Support: Disabled
 NUMA Support: Disabled
 Compressed Oops: Enabled (Zero based)
 Heap Region Size: 2M
 Heap Min Capacity: 8M
 Heap Initial Capacity: 124M
 Heap Max Capacity: 4G
 Pre-touch: Disabled
 Parallel Workers: 15
 Concurrent Workers: 4
 Concurrent Refinement Workers: 15
 Periodic GC: Disabled
Heap:
 garbage-first heap   total 167936K, used 128392K [0x0000000700000000, 0x0000000800000000)
  region size 2048K, 43 young (88064K), 1 survivors (2048K)
 Metaspace       used 71085K, committed 71680K, reserved 1114112K
  class space    used 9703K, committed 9984K, reserved 1048576K
GC Heap History (20 events):
Event: 91.686 GC heap before
{Heap before GC invocations=8 (full 0):
 garbage-first heap   total 75776K, used 49224K [0x0000000700000000, 0x0000000800000000)
  region size 2048K, 15 young (30720K), 1 survivors (2048K)
 Metaspace       used 31056K, committed 31360K, reserved 1114112K
  class space    used 4149K, committed 4288K, reserved 1048576K
}
Event: 91.692 GC heap after
{Heap after GC invocations=9 (full 0):
 garbage-first heap   total 75776K, used 21800K [0x0000000700000000, 0x0000000800000000)
  region size 2048K, 1 young (2048K), 1 survivors (2048K)
 Metaspace       used 31056K, committed 31360K, reserved 1114112K
  class space    used 4149K, committed 4288K, reserved 1048576K
}
Event: 92.688 GC heap before
{Heap before GC invocations=9 (full 0):
 garbage-first heap   total 75776K, used 46376K [0x0000000700000000, 0x0000000800000000)
  region size 2048K, 14 young (28672K), 1 survivors (2048K)
 Metaspace       used 35747K, committed 35968K, reserved 1114112K
  class space    used 4763K, committed 4864K, reserved 1048576K
}
Event: 92.694 GC heap after
{Heap after GC invocations=10 (full 0):
 garbage-first heap   total 75776K, used 23805K [0x0000000700000000, 0x0000000800000000)
  region size 2048K, 2 young (4096K), 2 survivors (4096K)
 Metaspace       used 35747K, committed 35968K, reserved 1114112K
  class space    used 4763K, committed 4864K, reserved 1048576K
}
Event: 95.390 GC heap before
{Heap before GC invocations=11 (full 0):
 garbage-first heap   total 75776K, used 52477K [0x0000000700000000, 0x0000000800000000)
  region size 2048K, 17 young (34816K), 2 survivors (4096K)
 Metaspace       used 40193K, committed 40576K, reserved 1114112K
  class space    used 5270K, committed 5440K, reserved 1048576K
}
Event: 95.528 GC heap after
{Heap after GC invocations=12 (full 0):
 garbage-first heap   total 151552K, used 27237K [0x0000000700000000, 0x0000000800000000)
  region size 2048K, 3 young (6144K), 3 survivors (6144K)
 Metaspace       used 40193K, committed 40576K, reserved 1114112K
  class space    used 5270K, committed 5440K, reserved 1048576K
}
Event: 97.485 GC heap before
{Heap before GC invocations=12 (full 0):
 garbage-first heap   total 151552K, used 62053K [0x0000000700000000, 0x0000000800000000)
  region size 2048K, 20 young (40960K), 3 survivors (6144K)
 Metaspace       used 42829K, committed 43264K, reserved 1114112K
  class space    used 5589K, committed 5760K, reserved 1048576K
}
Event: 97.495 GC heap after
{Heap after GC invocations=13 (full 0):
 garbage-first heap   total 151552K, used 29327K [0x0000000700000000, 0x0000000800000000)
  region size 2048K, 2 young (4096K), 2 survivors (4096K)
 Metaspace       used 42829K, committed 43264K, reserved 1114112K
  class space    used 5589K, committed 5760K, reserved 1048576K
}
Event: 121.159 GC heap before
{Heap before GC invocations=13 (full 0):
 garbage-first heap   total 151552K, used 111247K [0x0000000700000000, 0x0000000800000000)
  region size 2048K, 42 young (86016K), 2 survivors (4096K)
 Metaspace       used 52545K, committed 52992K, reserved 1114112K
  class space    used 7046K, committed 7232K, reserved 1048576K
}
Event: 121.617 GC heap after
{Heap after GC invocations=14 (full 0):
 garbage-first heap   total 151552K, used 32902K [0x0000000700000000, 0x0000000800000000)
  region size 2048K, 4 young (8192K), 4 survivors (8192K)
 Metaspace       used 52545K, committed 52992K, reserved 1114112K
  class space    used 7046K, committed 7232K, reserved 1048576K
}
Event: 129.373 GC heap before
{Heap before GC invocations=14 (full 0):
 garbage-first heap   total 151552K, used 41094K [0x0000000700000000, 0x0000000800000000)
  region size 2048K, 9 young (18432K), 4 survivors (8192K)
 Metaspace       used 53795K, committed 54272K, reserved 1114112K
  class space    used 7223K, committed 7424K, reserved 1048576K
}
Event: 129.755 GC heap after
{Heap after GC invocations=15 (full 0):
 garbage-first heap   total 151552K, used 33831K [0x0000000700000000, 0x0000000800000000)
  region size 2048K, 1 young (2048K), 1 survivors (2048K)
 Metaspace       used 53795K, committed 54272K, reserved 1114112K
  class space    used 7223K, committed 7424K, reserved 1048576K
}
Event: 138.655 GC heap before
{Heap before GC invocations=15 (full 0):
 garbage-first heap   total 151552K, used 74791K [0x0000000700000000, 0x0000000800000000)
  region size 2048K, 21 young (43008K), 1 survivors (2048K)
 Metaspace       used 58568K, committed 59072K, reserved 1114112K
  class space    used 7839K, committed 8064K, reserved 1048576K
}
Event: 138.669 GC heap after
{Heap after GC invocations=16 (full 0):
 garbage-first heap   total 151552K, used 34992K [0x0000000700000000, 0x0000000800000000)
  region size 2048K, 2 young (4096K), 2 survivors (4096K)
 Metaspace       used 58568K, committed 59072K, reserved 1114112K
  class space    used 7839K, committed 8064K, reserved 1048576K
}
Event: 139.249 GC heap before
{Heap before GC invocations=16 (full 0):
 garbage-first heap   total 151552K, used 41136K [0x0000000700000000, 0x0000000800000000)
  region size 2048K, 7 young (14336K), 2 survivors (4096K)
 Metaspace       used 59715K, committed 60160K, reserved 1114112K
  class space    used 8036K, committed 8256K, reserved 1048576K
}
Event: 139.297 GC heap after
{Heap after GC invocations=17 (full 0):
 garbage-first heap   total 151552K, used 35276K [0x0000000700000000, 0x0000000800000000)
  region size 2048K, 2 young (4096K), 2 survivors (4096K)
 Metaspace       used 59715K, committed 60160K, reserved 1114112K
  class space    used 8036K, committed 8256K, reserved 1048576K
}
Event: 147.324 GC heap before
{Heap before GC invocations=18 (full 0):
 garbage-first heap   total 137216K, used 113100K [0x0000000700000000, 0x0000000800000000)
  region size 2048K, 40 young (81920K), 2 survivors (4096K)
 Metaspace       used 65611K, committed 66112K, reserved 1114112K
  class space    used 9001K, committed 9216K, reserved 1048576K
}
Event: 147.501 GC heap after
{Heap after GC invocations=19 (full 0):
 garbage-first heap   total 137216K, used 39564K [0x0000000700000000, 0x0000000800000000)
  region size 2048K, 4 young (8192K), 4 survivors (8192K)
 Metaspace       used 65611K, committed 66112K, reserved 1114112K
  class space    used 9001K, committed 9216K, reserved 1048576K
}
Event: 148.161 GC heap before
{Heap before GC invocations=19 (full 0):
 garbage-first heap   total 137216K, used 41612K [0x0000000700000000, 0x0000000800000000)
  region size 2048K, 5 young (10240K), 4 survivors (8192K)
 Metaspace       used 65621K, committed 66112K, reserved 1114112K
  class space    used 9001K, committed 9216K, reserved 1048576K
}
Event: 148.451 GC heap after
{Heap after GC invocations=20 (full 0):
 garbage-first heap   total 167936K, used 40328K [0x0000000700000000, 0x0000000800000000)
  region size 2048K, 1 young (2048K), 1 survivors (2048K)
 Metaspace       used 65621K, committed 66112K, reserved 1114112K
  class space    used 9001K, committed 9216K, reserved 1048576K
}

