# JRE version: OpenJDK Runtime Environment (17.0.9) (build 17.0.9+0--11185874)
# Java VM: OpenJDK 64-Bit Server VM (17.0.9+0--11185874, mixed mode, tiered, compressed oops, compressed class ptrs, g1 gc, windows-amd64)
GC Precious Log:
 CPUs: 20 total, 20 available
 Memory: 7900M
 Large Page Support: Disabled
 NUMA Support: Disabled
 Compressed Oops: Enabled (Zero based)
 Heap Region Size: 2M
 Heap Min Capacity: 8M
 Heap Initial Capacity: 124M
 Heap Max Capacity: 4G
 Pre-touch: Disabled
 Parallel Workers: 15
 Concurrent Workers: 4
 Concurrent Refinement Workers: 15
 Periodic GC: Disabled
Heap:
 garbage-first heap   total 194560K, used 84366K [0x0000000700000000, 0x0000000800000000)
  region size 2048K, 14 young (28672K), 5 survivors (10240K)
 Metaspace       used 81890K, committed 82560K, reserved 1179648K
  class space    used 11032K, committed 11328K, reserved 1048576K
GC Heap History (20 events):
Event: 99.767 GC heap before
{Heap before GC invocations=22 (full 0):
 garbage-first heap   total 116736K, used 80265K [0x0000000700000000, 0x0000000800000000)
  region size 2048K, 26 young (53248K), 2 survivors (4096K)
 Metaspace       used 53071K, committed 53504K, reserved 1114112K
  class space    used 7128K, committed 7296K, reserved 1048576K
}
Event: 99.950 GC heap after
{Heap after GC invocations=23 (full 0):
 garbage-first heap   total 116736K, used 33346K [0x0000000700000000, 0x0000000800000000)
  region size 2048K, 3 young (6144K), 3 survivors (6144K)
 Metaspace       used 53071K, committed 53504K, reserved 1114112K
  class space    used 7128K, committed 7296K, reserved 1048576K
}
Event: 107.633 GC heap before
{Heap before GC invocations=23 (full 0):
 garbage-first heap   total 116736K, used 59970K [0x0000000700000000, 0x0000000800000000)
  region size 2048K, 16 young (32768K), 3 survivors (6144K)
 Metaspace       used 56638K, committed 57088K, reserved 1114112K
  class space    used 7592K, committed 7808K, reserved 1048576K
}
Event: 108.496 GC heap after
{Heap after GC invocations=24 (full 0):
 garbage-first heap   total 116736K, used 34895K [0x0000000700000000, 0x0000000800000000)
  region size 2048K, 1 young (2048K), 1 survivors (2048K)
 Metaspace       used 56638K, committed 57088K, reserved 1114112K
  class space    used 7592K, committed 7808K, reserved 1048576K
}
Event: 108.827 GC heap before
{Heap before GC invocations=24 (full 0):
 garbage-first heap   total 116736K, used 36943K [0x0000000700000000, 0x0000000800000000)
  region size 2048K, 2 young (4096K), 1 survivors (2048K)
 Metaspace       used 56895K, committed 57344K, reserved 1114112K
  class space    used 7632K, committed 7808K, reserved 1048576K
}
Event: 108.855 GC heap after
{Heap after GC invocations=25 (full 0):
 garbage-first heap   total 299008K, used 35333K [0x0000000700000000, 0x0000000800000000)
  region size 2048K, 1 young (2048K), 1 survivors (2048K)
 Metaspace       used 56895K, committed 57344K, reserved 1114112K
  class space    used 7632K, committed 7808K, reserved 1048576K
}
Event: 113.310 GC heap before
{Heap before GC invocations=25 (full 0):
 garbage-first heap   total 299008K, used 47621K [0x0000000700000000, 0x0000000800000000)
  region size 2048K, 7 young (14336K), 1 survivors (2048K)
 Metaspace       used 58117K, committed 58560K, reserved 1114112K
  class space    used 7784K, committed 8000K, reserved 1048576K
}
Event: 113.426 GC heap after
{Heap after GC invocations=26 (full 0):
 garbage-first heap   total 299008K, used 35854K [0x0000000700000000, 0x0000000800000000)
  region size 2048K, 1 young (2048K), 1 survivors (2048K)
 Metaspace       used 58117K, committed 58560K, reserved 1114112K
  class space    used 7784K, committed 8000K, reserved 1048576K
}
Event: 116.252 GC heap before
{Heap before GC invocations=26 (full 0):
 garbage-first heap   total 299008K, used 48142K [0x0000000700000000, 0x0000000800000000)
  region size 2048K, 7 young (14336K), 1 survivors (2048K)
 Metaspace       used 59435K, committed 59968K, reserved 1114112K
  class space    used 7990K, committed 8256K, reserved 1048576K
}
Event: 116.254 GC heap after
{Heap after GC invocations=27 (full 0):
 garbage-first heap   total 299008K, used 35880K [0x0000000700000000, 0x0000000800000000)
  region size 2048K, 1 young (2048K), 1 survivors (2048K)
 Metaspace       used 59435K, committed 59968K, reserved 1114112K
  class space    used 7990K, committed 8256K, reserved 1048576K
}
Event: 116.338 GC heap before
{Heap before GC invocations=27 (full 0):
 garbage-first heap   total 299008K, used 37928K [0x0000000700000000, 0x0000000800000000)
  region size 2048K, 3 young (6144K), 1 survivors (2048K)
 Metaspace       used 59700K, committed 60160K, reserved 1114112K
  class space    used 8028K, committed 8256K, reserved 1048576K
}
Event: 116.346 GC heap after
{Heap after GC invocations=28 (full 0):
 garbage-first heap   total 299008K, used 35889K [0x0000000700000000, 0x0000000800000000)
  region size 2048K, 1 young (2048K), 1 survivors (2048K)
 Metaspace       used 59700K, committed 60160K, reserved 1114112K
  class space    used 8028K, committed 8256K, reserved 1048576K
}
Event: 121.871 GC heap before
{Heap before GC invocations=29 (full 0):
 garbage-first heap   total 143360K, used 117809K [0x0000000700000000, 0x0000000800000000)
  region size 2048K, 41 young (83968K), 1 survivors (2048K)
 Metaspace       used 65633K, committed 66176K, reserved 1114112K
  class space    used 8995K, committed 9280K, reserved 1048576K
}
Event: 121.988 GC heap after
{Heap after GC invocations=30 (full 0):
 garbage-first heap   total 143360K, used 40072K [0x0000000700000000, 0x0000000800000000)
  region size 2048K, 3 young (6144K), 3 survivors (6144K)
 Metaspace       used 65633K, committed 66176K, reserved 1114112K
  class space    used 8995K, committed 9280K, reserved 1048576K
}
Event: 162.593 GC heap before
{Heap before GC invocations=31 (full 0):
 garbage-first heap   total 143360K, used 117896K [0x0000000700000000, 0x0000000800000000)
  region size 2048K, 39 young (79872K), 3 survivors (6144K)
 Metaspace       used 69239K, committed 69824K, reserved 1114112K
  class space    used 9460K, committed 9728K, reserved 1048576K
}
Event: 162.744 GC heap after
{Heap after GC invocations=32 (full 0):
 garbage-first heap   total 194560K, used 56828K [0x0000000700000000, 0x0000000800000000)
  region size 2048K, 5 young (10240K), 5 survivors (10240K)
 Metaspace       used 69239K, committed 69824K, reserved 1114112K
  class space    used 9460K, committed 9728K, reserved 1048576K
}
Event: 165.840 GC heap before
{Heap before GC invocations=32 (full 0):
 garbage-first heap   total 194560K, used 108028K [0x0000000700000000, 0x0000000800000000)
  region size 2048K, 31 young (63488K), 5 survivors (10240K)
 Metaspace       used 75312K, committed 75904K, reserved 1114112K
  class space    used 10179K, committed 10432K, reserved 1048576K
}
Event: 165.860 GC heap after
{Heap after GC invocations=33 (full 0):
 garbage-first heap   total 194560K, used 62924K [0x0000000700000000, 0x0000000800000000)
  region size 2048K, 3 young (6144K), 3 survivors (6144K)
 Metaspace       used 75312K, committed 75904K, reserved 1114112K
  class space    used 10179K, committed 10432K, reserved 1048576K
}
Event: 168.337 GC heap before
{Heap before GC invocations=33 (full 0):
 garbage-first heap   total 194560K, used 146892K [0x0000000700000000, 0x0000000800000000)
  region size 2048K, 44 young (90112K), 3 survivors (6144K)
 Metaspace       used 81657K, committed 82304K, reserved 1179648K
  class space    used 10994K, committed 11264K, reserved 1048576K
}
Event: 168.370 GC heap after
{Heap after GC invocations=34 (full 0):
 garbage-first heap   total 194560K, used 67982K [0x0000000700000000, 0x0000000800000000)
  region size 2048K, 5 young (10240K), 5 survivors (10240K)
 Metaspace       used 81657K, committed 82304K, reserved 1179648K
  class space    used 10994K, committed 11264K, reserved 1048576K
}

