# JRE version: OpenJDK Runtime Environment (17.0.9) (build 17.0.9+0--11185874)
# Java VM: OpenJDK 64-Bit Server VM (17.0.9+0--11185874, mixed mode, tiered, compressed oops, compressed class ptrs, g1 gc, windows-amd64)
GC Precious Log:
 CPUs: 20 total, 20 available
 Memory: 7900M
 Large Page Support: Disabled
 NUMA Support: Disabled
 Compressed Oops: Enabled (Zero based)
 Heap Region Size: 2M
 Heap Min Capacity: 8M
 Heap Initial Capacity: 124M
 Heap Max Capacity: 4G
 Pre-touch: Disabled
 Parallel Workers: 15
 Concurrent Workers: 4
 Concurrent Refinement Workers: 15
 Periodic GC: Disabled
Heap:
 garbage-first heap   total 112640K, used 61935K [0x0000000700000000, 0x0000000800000000)
  region size 2048K, 5 young (10240K), 1 survivors (2048K)
 Metaspace       used 68059K, committed 68672K, reserved 1114112K
  class space    used 9270K, committed 9536K, reserved 1048576K
GC Heap History (20 events):
Event: 201.791 GC heap before
{Heap before GC invocations=12 (full 0):
 garbage-first heap   total 75776K, used 55535K [0x0000000700000000, 0x0000000800000000)
  region size 2048K, 18 young (36864K), 1 survivors (2048K)
 Metaspace       used 31824K, committed 32128K, reserved 1114112K
  class space    used 4258K, committed 4416K, reserved 1048576K
}
Event: 201.823 GC heap after
{Heap after GC invocations=13 (full 0):
 garbage-first heap   total 75776K, used 22519K [0x0000000700000000, 0x0000000800000000)
  region size 2048K, 2 young (4096K), 2 survivors (4096K)
 Metaspace       used 31824K, committed 32128K, reserved 1114112K
  class space    used 4258K, committed 4416K, reserved 1048576K
}
Event: 206.721 GC heap before
{Heap before GC invocations=13 (full 0):
 garbage-first heap   total 75776K, used 42999K [0x0000000700000000, 0x0000000800000000)
  region size 2048K, 13 young (26624K), 2 survivors (4096K)
 Metaspace       used 35685K, committed 35968K, reserved 1114112K
  class space    used 4754K, committed 4864K, reserved 1048576K
}
Event: 206.733 GC heap after
{Heap after GC invocations=14 (full 0):
 garbage-first heap   total 75776K, used 24347K [0x0000000700000000, 0x0000000800000000)
  region size 2048K, 2 young (4096K), 2 survivors (4096K)
 Metaspace       used 35685K, committed 35968K, reserved 1114112K
  class space    used 4754K, committed 4864K, reserved 1048576K
}
Event: 207.743 GC heap before
{Heap before GC invocations=15 (full 0):
 garbage-first heap   total 75776K, used 53019K [0x0000000700000000, 0x0000000800000000)
  region size 2048K, 17 young (34816K), 2 survivors (4096K)
 Metaspace       used 40261K, committed 40640K, reserved 1114112K
  class space    used 5268K, committed 5440K, reserved 1048576K
}
Event: 207.752 GC heap after
{Heap after GC invocations=16 (full 0):
 garbage-first heap   total 141312K, used 27744K [0x0000000700000000, 0x0000000800000000)
  region size 2048K, 3 young (6144K), 3 survivors (6144K)
 Metaspace       used 40261K, committed 40640K, reserved 1114112K
  class space    used 5268K, committed 5440K, reserved 1048576K
}
Event: 212.847 GC heap before
{Heap before GC invocations=17 (full 0):
 garbage-first heap   total 110592K, used 87136K [0x0000000700000000, 0x0000000800000000)
  region size 2048K, 32 young (65536K), 3 survivors (6144K)
 Metaspace       used 45126K, committed 45568K, reserved 1114112K
  class space    used 5835K, committed 6016K, reserved 1048576K
}
Event: 212.857 GC heap after
{Heap after GC invocations=18 (full 0):
 garbage-first heap   total 110592K, used 30630K [0x0000000700000000, 0x0000000800000000)
  region size 2048K, 4 young (8192K), 4 survivors (8192K)
 Metaspace       used 45126K, committed 45568K, reserved 1114112K
  class space    used 5835K, committed 6016K, reserved 1048576K
}
Event: 252.735 GC heap before
{Heap before GC invocations=18 (full 0):
 garbage-first heap   total 110592K, used 79782K [0x0000000700000000, 0x0000000800000000)
  region size 2048K, 28 young (57344K), 4 survivors (8192K)
 Metaspace       used 51684K, committed 52160K, reserved 1114112K
  class space    used 6884K, committed 7104K, reserved 1048576K
}
Event: 252.804 GC heap after
{Heap after GC invocations=19 (full 0):
 garbage-first heap   total 110592K, used 33423K [0x0000000700000000, 0x0000000800000000)
  region size 2048K, 4 young (8192K), 4 survivors (8192K)
 Metaspace       used 51684K, committed 52160K, reserved 1114112K
  class space    used 6884K, committed 7104K, reserved 1048576K
}
Event: 254.878 GC heap before
{Heap before GC invocations=19 (full 0):
 garbage-first heap   total 110592K, used 80527K [0x0000000700000000, 0x0000000800000000)
  region size 2048K, 27 young (55296K), 4 survivors (8192K)
 Metaspace       used 57593K, committed 58112K, reserved 1114112K
  class space    used 7714K, committed 7936K, reserved 1048576K
}
Event: 254.889 GC heap after
{Heap after GC invocations=20 (full 0):
 garbage-first heap   total 110592K, used 35675K [0x0000000700000000, 0x0000000800000000)
  region size 2048K, 3 young (6144K), 3 survivors (6144K)
 Metaspace       used 57593K, committed 58112K, reserved 1114112K
  class space    used 7714K, committed 7936K, reserved 1048576K
}
Event: 260.084 GC heap before
{Heap before GC invocations=20 (full 0):
 garbage-first heap   total 110592K, used 82779K [0x0000000700000000, 0x0000000800000000)
  region size 2048K, 27 young (55296K), 3 survivors (6144K)
 Metaspace       used 62843K, committed 63424K, reserved 1114112K
  class space    used 8506K, committed 8768K, reserved 1048576K
}
Event: 260.100 GC heap after
{Heap after GC invocations=21 (full 0):
 garbage-first heap   total 110592K, used 37966K [0x0000000700000000, 0x0000000800000000)
  region size 2048K, 3 young (6144K), 3 survivors (6144K)
 Metaspace       used 62843K, committed 63424K, reserved 1114112K
  class space    used 8506K, committed 8768K, reserved 1048576K
}
Event: 297.391 GC heap before
{Heap before GC invocations=21 (full 0):
 garbage-first heap   total 110592K, used 83022K [0x0000000700000000, 0x0000000800000000)
  region size 2048K, 25 young (51200K), 3 survivors (6144K)
 Metaspace       used 65737K, committed 66304K, reserved 1114112K
  class space    used 8995K, committed 9280K, reserved 1048576K
}
Event: 297.452 GC heap after
{Heap after GC invocations=22 (full 0):
 garbage-first heap   total 110592K, used 40819K [0x0000000700000000, 0x0000000800000000)
  region size 2048K, 4 young (8192K), 4 survivors (8192K)
 Metaspace       used 65737K, committed 66304K, reserved 1114112K
  class space    used 8995K, committed 9280K, reserved 1048576K
}
Event: 303.933 GC heap before
{Heap before GC invocations=22 (full 0):
 garbage-first heap   total 110592K, used 87923K [0x0000000700000000, 0x0000000800000000)
  region size 2048K, 25 young (51200K), 4 survivors (8192K)
 Metaspace       used 66500K, committed 67136K, reserved 1114112K
  class space    used 9068K, committed 9344K, reserved 1048576K
}
Event: 304.133 GC heap after
{Heap after GC invocations=23 (full 0):
 garbage-first heap   total 110592K, used 57195K [0x0000000700000000, 0x0000000800000000)
  region size 2048K, 4 young (8192K), 4 survivors (8192K)
 Metaspace       used 66500K, committed 67136K, reserved 1114112K
  class space    used 9068K, committed 9344K, reserved 1048576K
}
Event: 305.922 GC heap before
{Heap before GC invocations=23 (full 0):
 garbage-first heap   total 110592K, used 61291K [0x0000000700000000, 0x0000000800000000)
  region size 2048K, 8 young (16384K), 4 survivors (8192K)
 Metaspace       used 67236K, committed 67776K, reserved 1114112K
  class space    used 9172K, committed 9408K, reserved 1048576K
}
Event: 306.296 GC heap after
{Heap after GC invocations=24 (full 0):
 garbage-first heap   total 110592K, used 57839K [0x0000000700000000, 0x0000000800000000)
  region size 2048K, 1 young (2048K), 1 survivors (2048K)
 Metaspace       used 67236K, committed 67776K, reserved 1114112K
  class space    used 9172K, committed 9408K, reserved 1048576K
}

