# JRE version: OpenJDK Runtime Environment (17.0.9) (build 17.0.9+0--11185874)
# Java VM: OpenJDK 64-Bit Server VM (17.0.9+0--11185874, mixed mode, tiered, compressed oops, compressed class ptrs, g1 gc, windows-amd64)
GC Precious Log:
 CPUs: 20 total, 20 available
 Memory: 7900M
 Large Page Support: Disabled
 NUMA Support: Disabled
 Compressed Oops: Enabled (Zero based)
 Heap Region Size: 2M
 Heap Min Capacity: 8M
 Heap Initial Capacity: 124M
 Heap Max Capacity: 4G
 Pre-touch: Disabled
 Parallel Workers: 15
 Concurrent Workers: 4
 Concurrent Refinement Workers: 15
 Periodic GC: Disabled
Heap:
 garbage-first heap   total 137216K, used 35338K [0x0000000700000000, 0x0000000800000000)
  region size 2048K, 1 young (2048K), 1 survivors (2048K)
 Metaspace       used 60875K, committed 61376K, reserved 1114112K
  class space    used 8207K, committed 8448K, reserved 1048576K
GC Heap History (20 events):
Event: 76.461 GC heap after
{Heap after GC invocations=14 (full 0):
 garbage-first heap   total 96256K, used 31911K [0x0000000700000000, 0x0000000800000000)
  region size 2048K, 2 young (4096K), 2 survivors (4096K)
 Metaspace       used 49950K, committed 50432K, reserved 1114112K
  class space    used 6677K, committed 6912K, reserved 1048576K
}
Event: 83.867 GC heap before
{Heap before GC invocations=14 (full 0):
 garbage-first heap   total 96256K, used 40103K [0x0000000700000000, 0x0000000800000000)
  region size 2048K, 6 young (12288K), 2 survivors (4096K)
 Metaspace       used 51891K, committed 52352K, reserved 1114112K
  class space    used 6947K, committed 7168K, reserved 1048576K
}
Event: 84.421 GC heap after
{Heap after GC invocations=15 (full 0):
 garbage-first heap   total 192512K, used 32596K [0x0000000700000000, 0x0000000800000000)
  region size 2048K, 1 young (2048K), 1 survivors (2048K)
 Metaspace       used 51891K, committed 52352K, reserved 1114112K
  class space    used 6947K, committed 7168K, reserved 1048576K
}
Event: 90.403 GC heap before
{Heap before GC invocations=15 (full 0):
 garbage-first heap   total 192512K, used 40788K [0x0000000700000000, 0x0000000800000000)
  region size 2048K, 5 young (10240K), 1 survivors (2048K)
 Metaspace       used 52786K, committed 53312K, reserved 1114112K
  class space    used 7089K, committed 7296K, reserved 1048576K
}
Event: 90.968 GC heap after
{Heap after GC invocations=16 (full 0):
 garbage-first heap   total 192512K, used 32777K [0x0000000700000000, 0x0000000800000000)
  region size 2048K, 1 young (2048K), 1 survivors (2048K)
 Metaspace       used 52786K, committed 53312K, reserved 1114112K
  class space    used 7089K, committed 7296K, reserved 1048576K
}
Event: 101.143 GC heap before
{Heap before GC invocations=16 (full 0):
 garbage-first heap   total 192512K, used 51209K [0x0000000700000000, 0x0000000800000000)
  region size 2048K, 10 young (20480K), 1 survivors (2048K)
 Metaspace       used 55199K, committed 55616K, reserved 1114112K
  class space    used 7427K, committed 7616K, reserved 1048576K
}
Event: 101.579 GC heap after
{Heap after GC invocations=17 (full 0):
 garbage-first heap   total 192512K, used 33400K [0x0000000700000000, 0x0000000800000000)
  region size 2048K, 1 young (2048K), 1 survivors (2048K)
 Metaspace       used 55199K, committed 55616K, reserved 1114112K
  class space    used 7427K, committed 7616K, reserved 1048576K
}
Event: 104.172 GC heap before
{Heap before GC invocations=17 (full 0):
 garbage-first heap   total 192512K, used 39544K [0x0000000700000000, 0x0000000800000000)
  region size 2048K, 4 young (8192K), 1 survivors (2048K)
 Metaspace       used 56119K, committed 56576K, reserved 1114112K
  class space    used 7545K, committed 7744K, reserved 1048576K
}
Event: 104.560 GC heap after
{Heap after GC invocations=18 (full 0):
 garbage-first heap   total 192512K, used 33639K [0x0000000700000000, 0x0000000800000000)
  region size 2048K, 1 young (2048K), 1 survivors (2048K)
 Metaspace       used 56119K, committed 56576K, reserved 1114112K
  class space    used 7545K, committed 7744K, reserved 1048576K
}
Event: 107.487 GC heap before
{Heap before GC invocations=18 (full 0):
 garbage-first heap   total 192512K, used 39783K [0x0000000700000000, 0x0000000800000000)
  region size 2048K, 4 young (8192K), 1 survivors (2048K)
 Metaspace       used 56806K, committed 57216K, reserved 1114112K
  class space    used 7628K, committed 7808K, reserved 1048576K
}
Event: 108.522 GC heap after
{Heap after GC invocations=19 (full 0):
 garbage-first heap   total 329728K, used 34227K [0x0000000700000000, 0x0000000800000000)
  region size 2048K, 1 young (2048K), 1 survivors (2048K)
 Metaspace       used 56806K, committed 57216K, reserved 1114112K
  class space    used 7628K, committed 7808K, reserved 1048576K
}
Event: 128.823 GC heap before
{Heap before GC invocations=19 (full 0):
 garbage-first heap   total 329728K, used 46515K [0x0000000700000000, 0x0000000800000000)
  region size 2048K, 8 young (16384K), 1 survivors (2048K)
 Metaspace       used 58120K, committed 58624K, reserved 1114112K
  class space    used 7789K, committed 8000K, reserved 1048576K
}
Event: 129.121 GC heap after
{Heap after GC invocations=20 (full 0):
 garbage-first heap   total 329728K, used 35092K [0x0000000700000000, 0x0000000800000000)
  region size 2048K, 1 young (2048K), 1 survivors (2048K)
 Metaspace       used 58120K, committed 58624K, reserved 1114112K
  class space    used 7789K, committed 8000K, reserved 1048576K
}
Event: 165.249 GC heap before
{Heap before GC invocations=20 (full 0):
 garbage-first heap   total 329728K, used 49428K [0x0000000700000000, 0x0000000800000000)
  region size 2048K, 8 young (16384K), 1 survivors (2048K)
 Metaspace       used 59693K, committed 60224K, reserved 1114112K
  class space    used 8042K, committed 8320K, reserved 1048576K
}
Event: 165.589 GC heap after
{Heap after GC invocations=21 (full 0):
 garbage-first heap   total 329728K, used 35229K [0x0000000700000000, 0x0000000800000000)
  region size 2048K, 1 young (2048K), 1 survivors (2048K)
 Metaspace       used 59693K, committed 60224K, reserved 1114112K
  class space    used 8042K, committed 8320K, reserved 1048576K
}
Event: 166.102 GC heap before
{Heap before GC invocations=21 (full 0):
 garbage-first heap   total 329728K, used 35229K [0x0000000700000000, 0x0000000800000000)
  region size 2048K, 2 young (4096K), 1 survivors (2048K)
 Metaspace       used 59750K, committed 60288K, reserved 1114112K
  class space    used 8045K, committed 8320K, reserved 1048576K
}
Event: 166.509 GC heap after
{Heap after GC invocations=22 (full 0):
 garbage-first heap   total 329728K, used 35311K [0x0000000700000000, 0x0000000800000000)
  region size 2048K, 1 young (2048K), 1 survivors (2048K)
 Metaspace       used 59750K, committed 60288K, reserved 1114112K
  class space    used 8045K, committed 8320K, reserved 1048576K
}
Event: 173.621 GC heap before
{Heap before GC invocations=23 (full 0):
 garbage-first heap   total 137216K, used 39407K [0x0000000700000000, 0x0000000800000000)
  region size 2048K, 3 young (6144K), 1 survivors (2048K)
 Metaspace       used 60336K, committed 60864K, reserved 1114112K
  class space    used 8125K, committed 8384K, reserved 1048576K
}
Event: 174.008 GC heap after
{Heap after GC invocations=24 (full 0):
 garbage-first heap   total 137216K, used 35268K [0x0000000700000000, 0x0000000800000000)
  region size 2048K, 1 young (2048K), 1 survivors (2048K)
 Metaspace       used 60336K, committed 60864K, reserved 1114112K
  class space    used 8125K, committed 8384K, reserved 1048576K
}
Event: 189.699 GC heap before
{Heap before GC invocations=24 (full 0):
 garbage-first heap   total 137216K, used 39364K [0x0000000700000000, 0x0000000800000000)
  region size 2048K, 3 young (6144K), 1 survivors (2048K)
 Metaspace       used 60875K, committed 61376K, reserved 1114112K
  class space    used 8207K, committed 8448K, reserved 1048576K
}

